<?xml version="1.0" encoding="UTF-8"?>
<!-- Generated by org.testng.reporters.JUnitXMLReporter -->
<testsuite ignored="2" hostname="DESKTOP-QKUP3QK" failures="0" tests="1" name="Testonchrome" time="16.299" errors="0" timestamp="2025-04-30T17:13:45 IST">
  <testcase classname="SuperadminTestCases.Roles" name="AddRoles" time="10.179"/>
  <testcase classname="Base.BaseTest" name="@BeforeTest setUp" time="0.0">
    <ignored/>
  </testcase> <!-- @BeforeTest setUp -->
  <testcase classname="Base.BaseTest" name="@AfterTest tearDown" time="0.0">
    <ignored/>
  </testcase> <!-- @AfterTest tearDown -->
</testsuite> <!-- Testonchrome -->
