<?xml version="1.0" encoding="UTF-8"?>
<testng-results ignored="0" total="0" passed="0" failed="0" skipped="0">
  <reporter-output>
    <line>
      <![CDATA[Method name is -AddRoles]]>
    </line>
    <line>
      <![CDATA[Status of exceusion is -1]]>
    </line>
    <line>
      <![CDATA[Method name is -Loginpage]]>
    </line>
    <line>
      <![CDATA[==============================================================================================]]>
    </line>
    <line>
      <![CDATA[Total Passed: 1(+1), Failures: 0(+0), Skips: 0(+0)]]>
    </line>
    <line>
      <![CDATA[==============================================================================================]]>
    </line>
    <line>
      <![CDATA[Method name is -AddRoles]]>
    </line>
    <line>
      <![CDATA[Status of exceusion is -1]]>
    </line>
    <line>
      <![CDATA[Method name is -Loginpage]]>
    </line>
  </reporter-output>
  <suite started-at="2025-04-30T17:14:13 IST" name="MultiBrowserSuite" finished-at="2025-04-30T17:14:13 IST" duration-ms="0">
    <groups>
    </groups>
  </suite> <!-- MultiBrowserSuite -->
</testng-results>
