<?xml version="1.0" encoding="UTF-8"?>
<testng-results ignored="0" total="2" passed="2" failed="0" skipped="0">
  <reporter-output>
  </reporter-output>
  <suite started-at="2025-04-19T14:36:23 IST" name="Default suite" finished-at="2025-04-19T14:36:55 IST" duration-ms="32033">
    <groups>
    </groups>
    <test started-at="2025-04-19T14:36:23 IST" name="Default test" finished-at="2025-04-19T14:36:55 IST" duration-ms="32033">
      <class name="TestCases.CandidateUploadDocuments">
        <test-method is-config="true" signature="setup()[pri:0, instance:TestCases.CandidateUploadDocuments@776aec5c]" started-at="2025-04-19T14:36:23 IST" name="setup" finished-at="2025-04-19T14:36:27 IST" duration-ms="3166" status="PASS">
          <reporter-output>
          </reporter-output>
        </test-method> <!-- setup -->
        <test-method signature="Loginpage()[pri:0, instance:TestCases.CandidateUploadDocuments@776aec5c]" started-at="2025-04-19T14:36:27 IST" name="Loginpage" finished-at="2025-04-19T14:36:41 IST" duration-ms="13958" status="PASS">
          <reporter-output>
          </reporter-output>
        </test-method> <!-- Loginpage -->
        <test-method signature="Uploaddocuments()[pri:0, instance:TestCases.CandidateUploadDocuments@776aec5c]" started-at="2025-04-19T14:36:41 IST" name="Uploaddocuments" finished-at="2025-04-19T14:36:55 IST" duration-ms="14802" status="PASS">
          <reporter-output>
          </reporter-output>
        </test-method> <!-- Uploaddocuments -->
        <test-method is-config="true" signature="teardown()[pri:0, instance:TestCases.CandidateUploadDocuments@776aec5c]" started-at="2025-04-19T14:36:55 IST" name="teardown" finished-at="2025-04-19T14:36:55 IST" duration-ms="1" status="PASS">
          <reporter-output>
          </reporter-output>
        </test-method> <!-- teardown -->
      </class> <!-- TestCases.CandidateUploadDocuments -->
    </test> <!-- Default test -->
  </suite> <!-- Default suite -->
</testng-results>
